{"level":"info","time":"2026-07-08T14:18:56Z","message":"Thank you for trying Cloudflare Tunnel. Doing so, without a Cloudflare account, is a quick way to experiment and try it out. However, be aware that these account-less Tunnels have no uptime guarantee, are subject to the Cloudflare Online Services Terms of Use (https://www.cloudflare.com/website-terms/), and Cloudflare reserves the right to investigate your use of Tunnels for violations of such terms. If you intend to use Tunnels in production you should use a pre-created named tunnel by following: https://developers.cloudflare.com/cloudflare-one/connections/connect-apps"}
{"level":"info","time":"2026-07-08T14:18:56Z","message":"Requesting new quick Tunnel on trycloudflare.com..."}
{"level":"info","time":"2026-07-08T14:19:01Z","message":"+--------------------------------------------------------------------------------------------+"}
{"level":"info","time":"2026-07-08T14:19:01Z","message":"|  Your quick Tunnel has been created! Visit it at (it may take some time to be reachable):  |"}
{"level":"info","time":"2026-07-08T14:19:01Z","message":"|  https://shoot-competing-density-monitor.trycloudflare.com                                 |"}
{"level":"info","time":"2026-07-08T14:19:01Z","message":"+--------------------------------------------------------------------------------------------+"}
{"level":"info","time":"2026-07-08T14:19:01Z","message":"Cannot determine default configuration path. No file [config.yml config.yaml] in [~/.cloudflared ~/.cloudflare-warp ~/cloudflare-warp]"}
{"level":"info","time":"2026-07-08T14:19:01Z","message":"Version 2026.5.2 (Checksum 20b9638f685333d623798e733effbad2487093f15ba592f6c7752360ff3b7ab7)"}
{"level":"info","time":"2026-07-08T14:19:01Z","message":"GOOS: windows, GOVersion: go1.26.3, GoArch: amd64"}
{"level":"info","time":"2026-07-08T14:19:01Z","message":"Settings: map[ha-connections:1 logfile:tunnel-fix2.log protocol:quic url:http://localhost:8787]"}
{"level":"info","time":"2026-07-08T14:19:01Z","message":"cloudflared will not automatically update on Windows systems."}
{"level":"info","time":"2026-07-08T14:19:01Z","message":"Generated Connector ID: 5b8a6c21-0d24-49a8-9d93-9dcc02b8cb08"}
{"level":"info","time":"2026-07-08T14:19:01Z","message":"Initial protocol quic"}
{"level":"info","time":"2026-07-08T14:19:01Z","message":"ICMP proxy will use 192.168.15.68 as source for IPv4"}
{"level":"info","time":"2026-07-08T14:19:01Z","message":"ICMP proxy will use fe80::d112:7ea2:15cb:53dc in zone Wi-Fi as source for IPv6"}
{"level":"info","time":"2026-07-08T14:19:01Z","message":"cloudflared does not support loading the system root certificate pool on Windows. Please use --origin-ca-pool <PATH> to specify the path to the certificate pool"}
{"level":"info","time":"2026-07-08T14:19:01Z","message":"ICMP proxy will use 192.168.15.68 as source for IPv4"}
{"level":"info","event":0,"ip":"198.41.192.67","connIndex":0,"time":"2026-07-08T14:19:01Z","message":"Tunnel connection curve preferences: [X25519MLKEM768 CurveID(65074) CurveP256]"}
{"level":"info","time":"2026-07-08T14:19:01Z","message":"ICMP proxy will use fe80::d112:7ea2:15cb:53dc in zone Wi-Fi as source for IPv6"}
{"level":"info","time":"2026-07-08T14:19:01Z","message":"Starting metrics server on 127.0.0.1:20243/metrics"}
{"level":"info","time":"2026-07-08T14:19:01Z","message":"+-------------------------------------------------------------------------------------+"}
{"level":"info","time":"2026-07-08T14:19:01Z","message":"|                               CONNECTIVITY PRE-CHECKS                               |"}
{"level":"info","time":"2026-07-08T14:19:01Z","message":"+-------------------------------------------------------------------------------------+"}
{"level":"info","time":"2026-07-08T14:19:01Z","message":"|  COMPONENT         TARGET                     STATUS  DETAILS                       |"}
{"level":"info","time":"2026-07-08T14:19:01Z","message":"|  DNS Resolution    region1.v2.argotunnel.com  PASS    DNS Resolved successfully     |"}
{"level":"info","time":"2026-07-08T14:19:01Z","message":"|  DNS Resolution    region2.v2.argotunnel.com  PASS    DNS Resolved successfully     |"}
{"level":"info","time":"2026-07-08T14:19:01Z","message":"|  UDP Connectivity  region1.v2.argotunnel.com  PASS    QUIC connection successful    |"}
{"level":"info","time":"2026-07-08T14:19:01Z","message":"|  UDP Connectivity  region2.v2.argotunnel.com  PASS    QUIC connection successful    |"}
{"level":"info","time":"2026-07-08T14:19:01Z","message":"|  TCP Connectivity  region1.v2.argotunnel.com  PASS    HTTP/2 connection successful  |"}
{"level":"info","time":"2026-07-08T14:19:01Z","message":"|  TCP Connectivity  region2.v2.argotunnel.com  PASS    HTTP/2 connection successful  |"}
{"level":"info","time":"2026-07-08T14:19:01Z","message":"|  Cloudflare API    api.cloudflare.com:443     PASS    API is reachable              |"}
{"level":"info","time":"2026-07-08T14:19:01Z","message":"|                                                                                     |"}
{"level":"info","time":"2026-07-08T14:19:01Z","message":"|  SUMMARY: Environment is healthy. cloudflared will use 'quic' as primary protocol.  |"}
{"level":"info","time":"2026-07-08T14:19:01Z","message":"+-------------------------------------------------------------------------------------+"}
{"level":"info","run_id":"c0e33faf-c434-410e-88bf-d214417668bc","component":"DNS Resolution","target":"region1.v2.argotunnel.com","status":"pass","details":"DNS Resolved successfully","time":"2026-07-08T14:19:01Z","message":"precheck"}
{"level":"info","run_id":"c0e33faf-c434-410e-88bf-d214417668bc","component":"DNS Resolution","target":"region2.v2.argotunnel.com","status":"pass","details":"DNS Resolved successfully","time":"2026-07-08T14:19:01Z","message":"precheck"}
{"level":"info","run_id":"c0e33faf-c434-410e-88bf-d214417668bc","component":"UDP Connectivity","target":"region1.v2.argotunnel.com","status":"pass","details":"QUIC connection successful","time":"2026-07-08T14:19:01Z","message":"precheck"}
{"level":"info","run_id":"c0e33faf-c434-410e-88bf-d214417668bc","component":"UDP Connectivity","target":"region2.v2.argotunnel.com","status":"pass","details":"QUIC connection successful","time":"2026-07-08T14:19:01Z","message":"precheck"}
{"level":"info","run_id":"c0e33faf-c434-410e-88bf-d214417668bc","component":"TCP Connectivity","target":"region1.v2.argotunnel.com","status":"pass","details":"HTTP/2 connection successful","time":"2026-07-08T14:19:01Z","message":"precheck"}
{"level":"info","run_id":"c0e33faf-c434-410e-88bf-d214417668bc","component":"TCP Connectivity","target":"region2.v2.argotunnel.com","status":"pass","details":"HTTP/2 connection successful","time":"2026-07-08T14:19:01Z","message":"precheck"}
{"level":"info","run_id":"c0e33faf-c434-410e-88bf-d214417668bc","component":"Cloudflare API","target":"api.cloudflare.com:443","status":"pass","details":"API is reachable","time":"2026-07-08T14:19:01Z","message":"precheck"}
{"level":"info","run_id":"c0e33faf-c434-410e-88bf-d214417668bc","hard_fail":false,"suggested_protocol":"quic","time":"2026-07-08T14:19:01Z","message":"precheck complete"}
{"level":"info","event":0,"connection":"f6397044-2e35-4769-b915-c868f5e9089a","connIndex":0,"location":"eze02","ip":"198.41.192.67","protocol":"quic","time":"2026-07-08T14:19:02Z","message":"Registered tunnel connection"}
